<?xml version="1.0" encoding="UTF-8"?>
<!-- Generated by org.testng.reporters.JUnitReportReporter -->
<testsuite skipped="0" hostname="DESKTOP-545D5VP" name="org.selenide.GoogleTest" tests="1" failures="0" timestamp="2021-11-01T13:15:21 IST" time="23.267" errors="0">
  <testcase name="googleSearchTest" time="23.267" classname="org.selenide.GoogleTest"/>
  <system-out/>
</testsuite> <!-- org.selenide.GoogleTest -->
